Using pre-set license

 COMMAND LINE ARGUMENTS:
/Applications/2020.3.3f1/Unity.app/Contents/MacOS/Unity
-adb2
-batchMode
-noUpm
-name
AssetImportWorker0
-projectPath
/Users/juanmanuelsala/Desktop/JuegosSeleccionados/TraficUniverse_jms-master/ProyectoTrafficUniverse
-logFile
Logs/AssetImportWorker0.log
-srvPort
52023
Successfully changed project path to: /Users/juanmanuelsala/Desktop/JuegosSeleccionados/TraficUniverse_jms-master/ProyectoTrafficUniverse
/Users/juanmanuelsala/Desktop/JuegosSeleccionados/TraficUniverse_jms-master/ProyectoTrafficUniverse
Using Asset Import Pipeline V2.
Refreshing native plugins compatible for Editor in 29.90 ms, found 1 plugins.
Preloading 0 native plugins for Editor in 0.00 ms.
Initialize engine version: 2020.3.3f1 (76626098c1c4)
[Subsystems] Discovering subsystems at path /Applications/2020.3.3f1/Unity.app/Contents/Resources/UnitySubsystems
[Subsystems] Discovering subsystems at path /Users/juanmanuelsala/Desktop/JuegosSeleccionados/TraficUniverse_jms-master/ProyectoTrafficUniverse/Assets
GfxDevice: creating device client; threaded=0
2022-10-26 17:20:43.538 Unity[19148:11421328] Color LCD preferred device: Intel(R) Iris(TM) Plus Graphics 655 (low power)
2022-10-26 17:20:43.538 Unity[19148:11421328] Metal devices available: 1
2022-10-26 17:20:43.538 Unity[19148:11421328] 0: Intel(R) Iris(TM) Plus Graphics 655 (low power)
2022-10-26 17:20:43.538 Unity[19148:11421328] Using device Intel(R) Iris(TM) Plus Graphics 655 (low power)
Initializing Metal device caps: Intel(R) Iris(TM) Plus Graphics 655
Initialize mono
Mono path[0] = '/Applications/2020.3.3f1/Unity.app/Contents/Managed'
Mono path[1] = '/Applications/2020.3.3f1/Unity.app/Contents/MonoBleedingEdge/lib/mono/unityjit'
Mono config path = '/Applications/2020.3.3f1/Unity.app/Contents/MonoBleedingEdge/etc'
Using monoOptions --debugger-agent=transport=dt_socket,embedding=1,server=y,suspend=n,address=127.0.0.1:56148
Begin MonoManager ReloadAssembly
Registering precompiled unity dll's ...
Register platform support module: /Applications/2020.3.3f1/Unity.app/Contents/PlaybackEngines/MacStandaloneSupport/UnityEditor.OSXStandalone.Extensions.dll
Registered in 0.021305 seconds.
Native extension for OSXStandalone target not found
Refreshing native plugins compatible for Editor in 26.79 ms, found 1 plugins.
Preloading 0 native plugins for Editor in 0.00 ms.
Invoked RoslynAnalysisRunner static constructor.
RoslynAnalysisRunner will not be running.
RoslynAnalysisRunner has terminated.
Mono: successfully reloaded assembly
- Completed reload, in  1.669 seconds
Platform modules already initialized, skipping
Registering precompiled user dll's ...
Registered in 0.001403 seconds.
Begin MonoManager ReloadAssembly
Native extension for OSXStandalone target not found
Refreshing native plugins compatible for Editor in 0.35 ms, found 1 plugins.
Preloading 0 native plugins for Editor in 0.00 ms.
Invoked RoslynAnalysisRunner static constructor.
RoslynAnalysisRunner will not be running.
RoslynAnalysisRunner has terminated.
Mono: successfully reloaded assembly
- Completed reload, in  0.934 seconds
Platform modules already initialized, skipping
========================================================================
Worker process is ready to serve import requests
Launching external process: /Applications/2020.3.3f1/Unity.app/Contents/Tools/UnityShaderCompiler
Launched and connected shader compiler UnityShaderCompiler after 0.02 seconds
Refreshing native plugins compatible for Editor in 0.33 ms, found 1 plugins.
Preloading 0 native plugins for Editor in 0.00 ms.
Unloading 1198 Unused Serialized files (Serialized files now loaded: 0)
System memory in use before: 111.9 MB.
System memory in use after: 111.9 MB.

Unloading 9 unused Assets to reduce memory usage. Loaded Objects now: 1639.
Total: 2.674126 ms (FindLiveObjects: 0.250729 ms CreateObjectMapping: 0.079225 ms MarkObjects: 2.250793 ms  DeleteObjects: 0.091490 ms)

========================================================================
Received Import Request.
  path: Assets/L1.unity
  artifactKey: Guid(71909ae78eef0f4419935c28947cb3d8) Importer(815301076,1909f56bfc062723c751e8b465ee728b)
Start importing Assets/L1.unity using Guid(71909ae78eef0f4419935c28947cb3d8) Importer(815301076,1909f56bfc062723c751e8b465ee728b)  -> (artifact id: '86a488512d5dad3f74f72100996e74cf') in 0.015071 seconds
  Import took 0.017703 seconds .

========================================================================
Received Prepare
Registering precompiled user dll's ...
Registered in 0.001830 seconds.
Begin MonoManager ReloadAssembly
Native extension for OSXStandalone target not found
Refreshing native plugins compatible for Editor in 0.48 ms, found 1 plugins.
Preloading 0 native plugins for Editor in 0.00 ms.
Invoked RoslynAnalysisRunner static constructor.
RoslynAnalysisRunner will not be running.
RoslynAnalysisRunner has terminated.
Mono: successfully reloaded assembly
- Completed reload, in  1.347 seconds
Platform modules already initialized, skipping
Refreshing native plugins compatible for Editor in 0.25 ms, found 1 plugins.
Preloading 0 native plugins for Editor in 0.00 ms.
Unloading 1192 Unused Serialized files (Serialized files now loaded: 0)
System memory in use before: 111.8 MB.
System memory in use after: 111.9 MB.

Unloading 4 unused Assets to reduce memory usage. Loaded Objects now: 1642.
Total: 1.850200 ms (FindLiveObjects: 0.228327 ms CreateObjectMapping: 0.038297 ms MarkObjects: 1.539252 ms  DeleteObjects: 0.041822 ms)

